0 info it worked if it ends with ok
1 verbose cli [ 'C:\\Program Files\\nodejs\\node.exe',
1 verbose cli   'F:\\node_modules\\npm\\bin\\npm-cli.js',
1 verbose cli   'run',
1 verbose cli   'dev' ]
2 info using npm@5.8.0
3 info using node@v8.1.3
4 verbose run-script [ 'predev', 'dev', 'postdev' ]
5 info lifecycle my-project-item@1.0.0~predev: my-project-item@1.0.0
6 info lifecycle my-project-item@1.0.0~dev: my-project-item@1.0.0
7 verbose lifecycle my-project-item@1.0.0~dev: unsafe-perm in lifecycle true
8 verbose lifecycle my-project-item@1.0.0~dev: PATH: F:\node_modules\npm\node_modules\npm-lifecycle\node-gyp-bin;F:\xiuxiu\xiuxiu\VUE\my-project-item\node_modules\.bin;C:\WINDOWS\system32;C:\WINDOWS;C:\WINDOWS\System32\Wbem;C:\WINDOWS\System32\WindowsPowerShell\v1.0\;C:\Program Files\nodejs\;C:\Ruby23\bin;C:\Users\滕林德\AppData\Local\Microsoft\WindowsApps;C:\Users\滕林德\AppData\Roaming\npm;C:\Program Files\Microsoft VS Code\bin
9 verbose lifecycle my-project-item@1.0.0~dev: CWD: F:\xiuxiu\xiuxiu\VUE\my-project-item
10 silly lifecycle my-project-item@1.0.0~dev: Args: [ '/d /s /c',
10 silly lifecycle   'webpack-dev-server --inline --progress --config build/webpack.dev.conf.js' ]
11 silly lifecycle my-project-item@1.0.0~dev: Returned: code: 3221225477  signal: null
12 info lifecycle my-project-item@1.0.0~dev: Failed to exec dev script
13 verbose stack Error: my-project-item@1.0.0 dev: `webpack-dev-server --inline --progress --config build/webpack.dev.conf.js`
13 verbose stack Exit status 3221225477
13 verbose stack     at EventEmitter.<anonymous> (F:\node_modules\npm\node_modules\npm-lifecycle\index.js:283:16)
13 verbose stack     at emitTwo (events.js:125:13)
13 verbose stack     at EventEmitter.emit (events.js:213:7)
13 verbose stack     at ChildProcess.<anonymous> (F:\node_modules\npm\node_modules\npm-lifecycle\lib\spawn.js:55:14)
13 verbose stack     at emitTwo (events.js:125:13)
13 verbose stack     at ChildProcess.emit (events.js:213:7)
13 verbose stack     at maybeClose (internal/child_process.js:897:16)
13 verbose stack     at Process.ChildProcess._handle.onexit (internal/child_process.js:208:5)
14 verbose pkgid my-project-item@1.0.0
15 verbose cwd F:\xiuxiu\xiuxiu\VUE\my-project-item\src\components
16 verbose Windows_NT 10.0.16299
17 verbose argv "C:\\Program Files\\nodejs\\node.exe" "F:\\node_modules\\npm\\bin\\npm-cli.js" "run" "dev"
18 verbose node v8.1.3
19 verbose npm  v5.8.0
20 error code ELIFECYCLE
21 error errno 3221225477
22 error my-project-item@1.0.0 dev: `webpack-dev-server --inline --progress --config build/webpack.dev.conf.js`
22 error Exit status 3221225477
23 error Failed at the my-project-item@1.0.0 dev script.
23 error This is probably not a problem with npm. There is likely additional logging output above.
24 verbose exit [ 3221225477, true ]
